<?xml version="1.0" encoding="UTF-8"?>
<coverage generated="1635269987007" clover="3.2.0">
  <project timestamp="1635269987007" name="All files">
    <metrics statements="2" coveredstatements="2" conditionals="0" coveredconditionals="0" methods="1" coveredmethods="1" elements="3" coveredelements="3" complexity="0" loc="2" ncloc="2" packages="1" files="1" classes="1"/>
    <file name="sample.module.ts" path="/Users/tp/Development/node-typescript-oops/src/sampleComponent/sample.module.ts">
      <metrics statements="2" coveredstatements="2" conditionals="0" coveredconditionals="0" methods="1" coveredmethods="1"/>
      <line num="6" count="1" type="stmt"/>
      <line num="14" count="1" type="stmt"/>
    </file>
  </project>
</coverage>
