<?xml version="1.0" encoding="UTF-8"?>
<coverage generated="1635281244603" clover="3.2.0">
  <project timestamp="1635281244603" name="All files">
    <metrics statements="13" coveredstatements="11" conditionals="13" coveredconditionals="9" methods="5" coveredmethods="5" elements="31" coveredelements="25" complexity="0" loc="13" ncloc="13" packages="1" files="1" classes="1"/>
    <file name="bmi.module.ts" path="/Users/tp/Development/code-20211027-tejaspathak/src/bmiComponent/bmi.module.ts">
      <metrics statements="13" coveredstatements="11" conditionals="13" coveredconditionals="9" methods="5" coveredmethods="5"/>
      <line num="8" count="1" type="stmt"/>
      <line num="23" count="1" type="stmt"/>
      <line num="24" count="6" type="stmt"/>
      <line num="25" count="6" type="stmt"/>
      <line num="26" count="6" type="stmt"/>
      <line num="33" count="1" type="stmt"/>
      <line num="46" count="6" type="stmt"/>
      <line num="56" count="6" type="cond" truecount="0" falsecount="1"/>
      <line num="57" count="6" type="cond" truecount="3" falsecount="0"/>
      <line num="58" count="4" type="cond" truecount="3" falsecount="0"/>
      <line num="59" count="3" type="cond" truecount="3" falsecount="0"/>
      <line num="60" count="0" type="cond" truecount="0" falsecount="3"/>
      <line num="61" count="0" type="stmt"/>
    </file>
  </project>
</coverage>
