{"/Users/tp/Development/code-20211027-tejaspathak/src/bmiComponent/bmi.module.ts": {"path":"/Users/tp/Development/code-20211027-tejaspathak/src/bmiComponent/bmi.module.ts","statementMap":{"0":{"start":{"line":23,"column":19},"end":{"line":32,"column":6}},"1":{"start":{"line":24,"column":18},"end":{"line":24,"column":70}},"2":{"start":{"line":25,"column":40},"end":{"line":25,"column":76}},"3":{"start":{"line":26,"column":6},"end":{"line":30,"column":null}},"4":{"start":{"line":33,"column":4},"end":{"line":33,"column":41}},"5":{"start":{"line":8,"column":0},"end":{"line":8,"column":13}},"6":{"start":{"line":46,"column":2},"end":{"line":46,"column":34}},"7":{"start":{"line":56,"column":2},"end":{"line":56,"column":null}},"8":{"start":{"line":56,"column":20},"end":{"line":56,"column":64}},"9":{"start":{"line":57,"column":2},"end":{"line":57,"column":null}},"10":{"start":{"line":57,"column":33},"end":{"line":57,"column":70}},"11":{"start":{"line":58,"column":2},"end":{"line":58,"column":null}},"12":{"start":{"line":58,"column":31},"end":{"line":58,"column":70}},"13":{"start":{"line":59,"column":2},"end":{"line":59,"column":null}},"14":{"start":{"line":59,"column":31},"end":{"line":59,"column":74}},"15":{"start":{"line":60,"column":2},"end":{"line":60,"column":null}},"16":{"start":{"line":60,"column":31},"end":{"line":60,"column":70}},"17":{"start":{"line":61,"column":2},"end":{"line":61,"column":51}}},"fnMap":{"0":{"name":"(anonymous_0)","decl":{"start":{"line":14,"column":2},"end":{"line":14,"column":null}},"loc":{"start":{"line":14,"column":2},"end":{"line":16,"column":3}}},"1":{"name":"(anonymous_1)","decl":{"start":{"line":22,"column":2},"end":{"line":22,"column":15}},"loc":{"start":{"line":22,"column":27},"end":{"line":34,"column":3}}},"2":{"name":"(anonymous_2)","decl":{"start":{"line":23,"column":35},"end":{"line":23,"column":36}},"loc":{"start":{"line":23,"column":56},"end":{"line":32,"column":5}}},"3":{"name":"computeBmi","decl":{"start":{"line":45,"column":9},"end":{"line":45,"column":19}},"loc":{"start":{"line":45,"column":48},"end":{"line":47,"column":1}}},"4":{"name":"computeBmiCategoryAndHealthRisk","decl":{"start":{"line":55,"column":9},"end":{"line":55,"column":40}},"loc":{"start":{"line":55,"column":52},"end":{"line":62,"column":1}}}},"branchMap":{"0":{"loc":{"start":{"line":56,"column":2},"end":{"line":56,"column":null}},"type":"if","locations":[{"start":{"line":56,"column":2},"end":{"line":56,"column":null}}]},"1":{"loc":{"start":{"line":57,"column":2},"end":{"line":57,"column":null}},"type":"if","locations":[{"start":{"line":57,"column":2},"end":{"line":57,"column":null}}]},"2":{"loc":{"start":{"line":57,"column":6},"end":{"line":57,"column":29}},"type":"binary-expr","locations":[{"start":{"line":57,"column":6},"end":{"line":57,"column":17}},{"start":{"line":57,"column":21},"end":{"line":57,"column":29}}]},"3":{"loc":{"start":{"line":58,"column":2},"end":{"line":58,"column":null}},"type":"if","locations":[{"start":{"line":58,"column":2},"end":{"line":58,"column":null}}]},"4":{"loc":{"start":{"line":58,"column":6},"end":{"line":58,"column":27}},"type":"binary-expr","locations":[{"start":{"line":58,"column":6},"end":{"line":58,"column":15}},{"start":{"line":58,"column":19},"end":{"line":58,"column":27}}]},"5":{"loc":{"start":{"line":59,"column":2},"end":{"line":59,"column":null}},"type":"if","locations":[{"start":{"line":59,"column":2},"end":{"line":59,"column":null}}]},"6":{"loc":{"start":{"line":59,"column":6},"end":{"line":59,"column":27}},"type":"binary-expr","locations":[{"start":{"line":59,"column":6},"end":{"line":59,"column":15}},{"start":{"line":59,"column":19},"end":{"line":59,"column":27}}]},"7":{"loc":{"start":{"line":60,"column":2},"end":{"line":60,"column":null}},"type":"if","locations":[{"start":{"line":60,"column":2},"end":{"line":60,"column":null}}]},"8":{"loc":{"start":{"line":60,"column":6},"end":{"line":60,"column":27}},"type":"binary-expr","locations":[{"start":{"line":60,"column":6},"end":{"line":60,"column":15}},{"start":{"line":60,"column":19},"end":{"line":60,"column":27}}]}},"s":{"0":1,"1":6,"2":6,"3":6,"4":1,"5":1,"6":6,"7":6,"8":0,"9":6,"10":2,"11":4,"12":1,"13":3,"14":3,"15":0,"16":0,"17":0},"f":{"0":1,"1":1,"2":6,"3":6,"4":6},"b":{"0":[0],"1":[2],"2":[6,6],"3":[1],"4":[4,4],"5":[3],"6":[3,3],"7":[0],"8":[0,0]}}
}
