{"/Users/tp/Development/node-typescript-oops/src/sampleComponent/sample.module.ts": {"path":"/Users/tp/Development/node-typescript-oops/src/sampleComponent/sample.module.ts","statementMap":{"0":{"start":{"line":14,"column":4},"end":{"line":14,"column":49}},"1":{"start":{"line":6,"column":0},"end":{"line":6,"column":13}}},"fnMap":{"0":{"name":"(anonymous_0)","decl":{"start":{"line":13,"column":2},"end":{"line":13,"column":15}},"loc":{"start":{"line":13,"column":15},"end":{"line":15,"column":3}}}},"branchMap":{},"s":{"0":1,"1":1},"f":{"0":1},"b":{}}
}
