TN:
SF:src/bmiComponent/bmi.module.ts
FN:14,(anonymous_0)
FN:22,(anonymous_1)
FN:23,(anonymous_2)
FN:45,computeBmi
FN:55,computeBmiCategoryAndHealthRisk
FNF:5
FNH:5
FNDA:1,(anonymous_0)
FNDA:1,(anonymous_1)
FNDA:6,(anonymous_2)
FNDA:6,computeBmi
FNDA:6,computeBmiCategoryAndHealthRisk
DA:8,1
DA:23,1
DA:24,6
DA:25,6
DA:26,6
DA:33,1
DA:46,6
DA:56,6
DA:57,6
DA:58,4
DA:59,3
DA:60,0
DA:61,0
LF:13
LH:11
BRDA:56,0,0,0
BRDA:57,1,0,2
BRDA:57,2,0,6
BRDA:57,2,1,6
BRDA:58,3,0,1
BRDA:58,4,0,4
BRDA:58,4,1,4
BRDA:59,5,0,3
BRDA:59,6,0,3
BRDA:59,6,1,3
BRDA:60,7,0,0
BRDA:60,8,0,0
BRDA:60,8,1,0
BRF:13
BRH:9
end_of_record
